<?xml version="1.0" encoding="UTF-8"?>
<!-- Generated by org.testng.reporters.JUnitReportReporter -->
<testsuite hostname="nblap357" failures="0" tests="1" name="AutomationPractice.SwagLabsAutomationPractice.TestScript" time="0.462" errors="0" timestamp="2023-05-29T12:13:14 IST" skipped="0">
  <testcase classname="AutomationPractice.SwagLabsAutomationPractice.TestScript" name="test" time="0.462"/>
  <system-out/>
</testsuite> <!-- AutomationPractice.SwagLabsAutomationPractice.TestScript -->
