<?xml version="1.0" encoding="UTF-8"?>
<!-- Generated by org.testng.reporters.JUnitReportReporter -->
<testsuite hostname="nblap357" failures="0" tests="1" name="resources.TestScript" time="20.958" errors="0" timestamp="2023-06-02T13:05:39 IST" skipped="0">
  <testcase classname="resources.TestScript" name="test" time="20.958"/>
  <system-out/>
</testsuite> <!-- resources.TestScript -->
