<?xml version="1.0" encoding="UTF-8"?>
<!-- Generated by org.testng.reporters.JUnitReportReporter -->
<testsuite hostname="nblap357" failures="0" tests="1" name="resources.TestScript" time="0.615" errors="0" timestamp="2023-06-01T16:31:48 IST" skipped="0">
  <testcase classname="resources.TestScript" name="test" time="0.615"/>
  <system-out/>
</testsuite> <!-- resources.TestScript -->
