<?xml version="1.0" encoding="UTF-8"?>
<!-- Generated by org.testng.reporters.JUnitReportReporter -->
<testsuite hostname="nblap283" failures="0" tests="1" name="AutomationPractice.SwagLabsAutomationPractice.CheckoutOverviewpage" time="0.002" errors="0" timestamp="2023-06-02T15:08:58 IST" skipped="0">
  <testcase classname="AutomationPractice.SwagLabsAutomationPractice.CheckoutOverviewpage" name="testMethod" time="0.002"/>
  <system-out/>
</testsuite> <!-- AutomationPractice.SwagLabsAutomationPractice.CheckoutOverviewpage -->
