<?xml version="1.0" encoding="UTF-8"?>
<!-- Generated by org.testng.reporters.JUnitReportReporter -->
<testsuite hostname="nblap283" failures="0" tests="1" name="resources.TestScript" time="10.773" errors="0" timestamp="2023-06-02T15:24:14 IST" skipped="0">
  <testcase classname="resources.TestScript" name="test" time="10.773"/>
  <system-out/>
</testsuite> <!-- resources.TestScript -->
