<?xml version="1.0" encoding="UTF-8"?>
<!-- Generated by org.testng.reporters.JUnitReportReporter -->
<testsuite hostname="nblap283" failures="0" tests="1" name="AutomationPractice.SwagLabsAutomationPractice.TestScript" time="1.203" errors="0" timestamp="2023-05-29T16:04:58 IST" skipped="0">
  <testcase classname="AutomationPractice.SwagLabsAutomationPractice.TestScript" name="test" time="1.203"/>
  <system-out/>
</testsuite> <!-- AutomationPractice.SwagLabsAutomationPractice.TestScript -->
