<?xml version="1.0" encoding="UTF-8"?>
<!-- Generated by org.testng.reporters.JUnitReportReporter -->
<testsuite hostname="nblap357" failures="0" tests="1" name="resources.TestScript" time="21.008" errors="0" timestamp="01 Jun 2023 12:30:12 GMT" skipped="0">
  <testcase classname="resources.TestScript" name="test" time="21.008"/>
</testsuite> <!-- resources.TestScript -->
