<?xml version="1.0" encoding="UTF-8"?>
<!-- Generated by org.testng.reporters.JUnitReportReporter -->
<testsuite hostname="nblap283" failures="0" tests="1" name="AutomationPractice.SwagLabsAutomationPractice.CheckoutOverviewpage" time="0.000" errors="0" timestamp="02 Jun 2023 12:00:36 GMT" skipped="0">
  <testcase classname="AutomationPractice.SwagLabsAutomationPractice.CheckoutOverviewpage" name="testMethod" time="0.000"/>
</testsuite> <!-- AutomationPractice.SwagLabsAutomationPractice.CheckoutOverviewpage -->
