<?xml version="1.0" encoding="UTF-8"?>
<!-- Generated by org.testng.reporters.JUnitReportReporter -->
<<<<<<< HEAD
<testsuite hostname="nblap357" failures="0" tests="1" name="resources.TestScript" time="21.008" errors="0" timestamp="01 Jun 2023 12:30:12 GMT" skipped="0">
  <testcase classname="resources.TestScript" name="test" time="21.008"/>
=======
<testsuite hostname="nblap283" failures="0" tests="1" name="resources.TestScript" time="21.048" errors="0" timestamp="02 Jun 2023 05:44:06 GMT" skipped="0">
  <testcase classname="resources.TestScript" name="test" time="21.048"/>
>>>>>>> d7e5e9603780fd1a7ec340e51e99a72505630cef
</testsuite> <!-- resources.TestScript -->
