<?xml version="1.0" encoding="UTF-8"?>
<!-- Generated by org.testng.reporters.JUnitReportReporter -->
<testsuite hostname="nblap357" failures="0" tests="1" name="resources.TestScript" time="21.500" errors="0" timestamp="02 Jun 2023 07:20:54 GMT" skipped="0">
  <testcase classname="resources.TestScript" name="test" time="21.500"/>
</testsuite> <!-- resources.TestScript -->
