<?xml version="1.0" encoding="UTF-8"?>
<!-- Generated by org.testng.reporters.JUnitReportReporter -->
<testsuite hostname="nblap283" failures="0" tests="1" name="resources.TestScript" time="20.808" errors="0" timestamp="02 Jun 2023 05:46:40 GMT" skipped="0">
  <testcase classname="resources.TestScript" name="test" time="20.808"/>
</testsuite> <!-- resources.TestScript -->
