<?xml version="1.0" encoding="UTF-8"?>
<!-- Generated by org.testng.reporters.JUnitReportReporter -->
<testsuite hostname="nblap283" failures="0" tests="1" name="resources.TestScript" time="21.048" errors="0" timestamp="02 Jun 2023 05:44:06 GMT" skipped="0">
  <testcase classname="resources.TestScript" name="test" time="21.048"/>
</testsuite> <!-- resources.TestScript -->
