<?xml version="1.0" encoding="UTF-8"?>
<!-- Generated by org.testng.reporters.JUnitReportReporter -->
<testsuite hostname="nblap357" failures="0" tests="1" name="resources.TestScript" time="0.643" errors="0" timestamp="01 Jun 2023 11:03:00 GMT" skipped="0">
  <testcase classname="resources.TestScript" name="test" time="0.643"/>
</testsuite> <!-- resources.TestScript -->
