<?xml version="1.0" encoding="UTF-8"?>
<!-- Generated by org.testng.reporters.JUnitReportReporter -->
<testsuite hostname="nblap283" failures="0" tests="1" name="resources.TestScript" time="0.916" errors="0" timestamp="31 May 2023 07:05:22 GMT" skipped="0">
  <testcase classname="resources.TestScript" name="test" time="0.916"/>
</testsuite> <!-- resources.TestScript -->
