<?xml version="1.0" encoding="UTF-8"?>
<!-- Generated by org.testng.reporters.JUnitReportReporter -->
<testsuite hostname="nblap283" failures="0" tests="1" name="resources.TestScript" time="10.771" errors="0" timestamp="02 Jun 2023 09:56:22 GMT" skipped="0">
  <testcase classname="resources.TestScript" name="test" time="10.771"/>
</testsuite> <!-- resources.TestScript -->
