<?xml version="1.0" encoding="UTF-8"?>
<!-- Generated by org.testng.reporters.JUnitReportReporter -->
<testsuite hostname="nblap283" failures="0" tests="1" name="resources.TestScript" time="0.802" errors="0" timestamp="31 May 2023 13:53:18 GMT" skipped="0">
  <testcase classname="resources.TestScript" name="test" time="0.802"/>
</testsuite> <!-- resources.TestScript -->
